0 0 0 0 0 0 0 0 0 0 0 0 0 0 0 0 0 0 0 49 520 421 421 0 0 0 0 0 0 0 0 0
0 0 0 0 0 0 0 0 0 61 100 81 217 0 0 0 0 134 11 534 1005 906 906 0 0 0 81 0 81 0 0 0
0 0 0 0 0 0 0 109 210 279 116 299 0 0 0 0 0 0 0 326 797 698 698 0 0 0 299 48 299 0 0 0
0 0 0 0 0 0 0 0 33 139 0 0 0 0 0 0 0 0 0 0 419 320 320 0 0 0 96 0 0 0 0 0
0 0 0 0 0 0 0 0 70 139 0 49 0 0 0 0 0 0 0 154 625 526 526 0 0 0 159 0 159 0 0 0
0 0 0 0 0 0 0 0 33 0 0 0 0 0 0 0 0 0 0 0 11 13 0 0 0 0 71 0 0 0 0 0
0 0 0 0 0 0 0 0 0 0 0 0 0 0 0 0 231 132 132 132 194 132 132 0 0 0 0 0 0 132 132 0
0 0 109 0 0 0 0 0 0 0 0 0 47 0 0 0 330 231 231 231 370 271 271 0 0 0 0 0 0 58 66 0
0 0 210 33 70 33 0 0 0 0 0 0 0 0 0 0 410 633 252 391 593 494 494 0 0 0 0 0 0 0 83 0
0 61 279 139 139 0 0 0 0 0 0 0 0 0 0 0 276 326 0 171 642 543 543 0 0 0 0 0 0 0 0 0
0 100 116 0 0 0 0 0 0 0 0 0 0 0 0 0 0 0 0 0 389 705 606 0 0 0 0 0 0 0 0 0
0 81 299 0 49 0 0 0 0 0 0 0 0 0 0 0 16 239 33 140 610 859 760 0 0 0 0 0 0 0 0 0
0 217 0 0 0 0 0 47 0 0 0 0 0 0 0 0 0 0 0 299 726 1042 943 0 0 0 0 0 0 0 0 0
0 0 0 0 0 0 0 0 0 0 0 0 0 0 0 0 0 0 0 0 440 616 517 0 0 0 0 0 0 0 0 0
0 0 0 0 0 0 0 0 0 0 0 0 0 0 0 0 0 0 0 128 599 833 734 0 0 0 0 0 0 0 0 0
0 0 0 0 0 0 0 0 0 0 0 0 0 0 0 0 0 0 0 90 517 833 734 0 0 0 0 0 0 0 0 0
0 0 0 0 0 0 231 330 410 276 0 16 0 0 0 0 0 0 0 0 0 0 0 0 49 49 290 0 24 0 0 0
0 134 0 0 0 0 132 231 633 326 0 239 0 0 0 0 0 0 0 0 0 0 0 66 66 66 325 0 41 0 0 0
0 11 0 0 0 0 132 231 252 0 0 33 0 0 0 0 0 0 0 0 0 0 0 0 0 0 0 0 0 0 0 0
49 534 326 0 154 0 132 231 391 171 0 140 299 0 128 90 0 0 0 0 0 0 0 171 171 171 82 0 0 0 0 0
520 1005 797 419 625 11 194 370 593 642 389 610 726 440 599 517 0 0 0 0 0 0 0 642 642 642 246 0 0 0 172 440
421 906 698 320 526 13 132 271 494 543 705 859 1042 616 833 833 0 0 0 0 0 0 0 674 543 543 235 0 0 0 73 418
421 906 698 320 526 0 132 271 494 543 606 760 943 517 734 734 0 0 0 0 0 0 0 575 543 543 147 0 0 0 73 341
0 0 0 0 0 0 0 0 0 0 0 0 0 0 0 0 0 66 0 171 642 674 575 0 0 0 0 0 0 0 0 0
0 0 0 0 0 0 0 0 0 0 0 0 0 0 0 0 49 66 0 171 642 543 543 0 0 0 0 0 0 0 0 0
0 0 0 0 0 0 0 0 0 0 0 0 0 0 0 0 49 66 0 171 642 543 543 0 0 0 0 0 0 0 0 0
0 81 299 96 159 71 0 0 0 0 0 0 0 0 0 0 290 325 0 82 246 235 147 0 0 0 0 0 0 0 0 0
0 0 48 0 0 0 0 0 0 0 0 0 0 0 0 0 0 0 0 0 0 0 0 0 0 0 0 0 0 0 0 0
0 81 299 0 159 0 0 0 0 0 0 0 0 0 0 0 24 41 0 0 0 0 0 0 0 0 0 0 0 0 0 0
0 0 0 0 0 0 132 58 0 0 0 0 0 0 0 0 0 0 0 0 0 0 0 0 0 0 0 0 0 0 0 0
0 0 0 0 0 0 132 66 83 0 0 0 0 0 0 0 0 0 0 0 172 73 73 0 0 0 0 0 0 0 0 0
0 0 0 0 0 0 0 0 0 0 0 0 0 0 0 0 0 0 0 0 440 418 341 0 0 0 0 0 0 0 0 0
